<?xml version="1.0" encoding="UTF-8"?>
<!-- Generated by org.testng.reporters.JUnitReportReporter -->
<testsuite hostname="DESKTOP-GMOA574" failures="0" tests="1" name="actions_api.FileUploadTest" time="13.063" errors="0" timestamp="2024-12-08T18:00:50 IST" skipped="0">
  <testcase classname="actions_api.FileUploadTest" name="fileUploadTest" time="13.063"/>
  <system-out/>
</testsuite> <!-- actions_api.FileUploadTest -->
